2026-04-07 15:38:21,932- INFO - [endpoint.py:250] - Mapped path Coverage-subscriberId to canonical name policy_number
2026-04-07 15:38:21,933- INFO - [endpoint.py:250] - Mapped path Coverage-payor[0].reference to canonical name insurance_company_id
2026-04-07 15:38:21,945- INFO - [endpoint.py:264] - FHIR field extraction completed for endpoint_id=126, total_fields_added=16
2026-04-07 15:38:21,946- INFO - [endpoint.py:150] - FHIR endpoint fields added successfully for endpoint_id=126
2026-04-07 15:38:55,521- INFO - [endpoint.py:105] - Add endpoint request received: server_id=14, url=/get/new-patient, server_protocol=HL7
2026-04-07 15:38:55,530- INFO - [endpoint.py:137] - Endpoint created and flushed successfully: endpoint_id=127
2026-04-07 15:38:55,530- INFO - [endpoint.py:294] - HL7 field extraction started for endpoint_id=127
2026-04-07 15:38:55,530- WARNING - [endpoint.py:360] - No canonical mapping found for path PID-1, skipping.
2026-04-07 15:38:55,530- INFO - [endpoint.py:309] - Mapped path PID-3 to canonical name MPI
2026-04-07 15:38:55,531- INFO - [endpoint.py:309] - Mapped path PID-5.1 to canonical name family_name
2026-04-07 15:38:55,531- INFO - [endpoint.py:309] - Mapped path PID-5.2 to canonical name given_name
2026-04-07 15:38:55,531- INFO - [endpoint.py:309] - Mapped path PID-7 to canonical name birth_date
2026-04-07 15:38:55,532- INFO - [endpoint.py:309] - Mapped path PID-8 to canonical name gender
2026-04-07 15:38:55,532- INFO - [endpoint.py:309] - Mapped path PID-13 to canonical name phone
2026-04-07 15:38:55,541- INFO - [endpoint.py:323] - HL7 field extraction completed for endpoint_id=127, total_fields_added=6
2026-04-07 15:38:55,541- INFO - [endpoint.py:156] - HL7 endpoint fields added successfully for endpoint_id=127
2026-04-07 15:40:46,631- INFO - [endpoint.py:105] - Add endpoint request received: server_id=13, url=/add/patient, server_protocol=FHIR
2026-04-07 15:40:46,638- INFO - [endpoint.py:137] - Endpoint created and flushed successfully: endpoint_id=128
2026-04-07 15:40:46,639- INFO - [endpoint.py:223] - FHIR field extraction started for endpoint_id=128
2026-04-07 15:40:46,640- INFO - [endpoint.py:240] - Path Extraction Completed for endpoint_id=128, withh paths:
['Patient-identifier[0].type.coding[0].code', 'Patient-identifier[0].value', 'Patient-identifier[1].type.coding[0].code', 'Patient-identifier[1].value', 'Patient-name[0].text', 'Patient-gender', 'Patient-birthDate', 'Patient-address[0].text', 'Patient-telecom[0].value']
2026-04-07 15:40:46,640- INFO - [endpoint.py:250] - Mapped path Patient-identifier[0].type.coding[0].code to canonical name MPI_type
2026-04-07 15:40:46,640- INFO - [endpoint.py:250] - Mapped path Patient-identifier[0].value to canonical name MPI
2026-04-07 15:40:46,641- INFO - [endpoint.py:250] - Mapped path Patient-identifier[1].type.coding[0].code to canonical name nic_type
2026-04-07 15:40:46,641- INFO - [endpoint.py:250] - Mapped path Patient-identifier[1].value to canonical name nic
2026-04-07 15:40:46,642- INFO - [endpoint.py:250] - Mapped path Patient-name[0].text to canonical name fullname
2026-04-07 15:40:46,642- INFO - [endpoint.py:250] - Mapped path Patient-gender to canonical name gender
2026-04-07 15:40:46,642- INFO - [endpoint.py:250] - Mapped path Patient-birthDate to canonical name birth_date
2026-04-07 15:40:46,643- INFO - [endpoint.py:250] - Mapped path Patient-address[0].text to canonical name address
2026-04-07 15:40:46,643- INFO - [endpoint.py:250] - Mapped path Patient-telecom[0].value to canonical name phone
2026-04-07 15:40:46,651- INFO - [endpoint.py:264] - FHIR field extraction completed for endpoint_id=128, total_fields_added=9
2026-04-07 15:40:46,651- INFO - [endpoint.py:150] - FHIR endpoint fields added successfully for endpoint_id=128
2026-04-07 15:41:14,570- INFO - [endpoint.py:105] - Add endpoint request received: server_id=15, url=/get/registed_patient, server_protocol=HL7
2026-04-07 15:41:14,578- INFO - [endpoint.py:137] - Endpoint created and flushed successfully: endpoint_id=129
2026-04-07 15:41:14,578- INFO - [endpoint.py:294] - HL7 field extraction started for endpoint_id=129
2026-04-07 15:41:14,579- WARNING - [endpoint.py:360] - No canonical mapping found for path PID-1, skipping.
2026-04-07 15:41:14,579- INFO - [endpoint.py:309] - Mapped path PID-3 to canonical name MPI
2026-04-07 15:41:14,579- INFO - [endpoint.py:309] - Mapped path PID-5.1 to canonical name family_name
2026-04-07 15:41:14,580- INFO - [endpoint.py:309] - Mapped path PID-5.2 to canonical name given_name
2026-04-07 15:41:14,581- INFO - [endpoint.py:309] - Mapped path PID-7 to canonical name birth_date
2026-04-07 15:41:14,581- INFO - [endpoint.py:309] - Mapped path PID-8 to canonical name gender
2026-04-07 15:41:14,587- INFO - [endpoint.py:309] - Mapped path IN1-15 to canonical name plan_type
2026-04-07 15:41:14,588- INFO - [endpoint.py:309] - Mapped path IN1-36 to canonical name policy_number
2026-04-07 15:41:14,592- INFO - [endpoint.py:323] - HL7 field extraction completed for endpoint_id=129, total_fields_added=7
2026-04-07 15:41:14,593- INFO - [endpoint.py:156] - HL7 endpoint fields added successfully for endpoint_id=129
