2026-04-10 20:21:24,929- INFO - [route.py:74] - All routes fetched successfully: total_routes=5
2026-04-10 20:21:45,904- INFO - [route.py:59] - All routes request received
2026-04-10 20:21:45,920- INFO - [route.py:74] - All routes fetched successfully: total_routes=5
2026-04-10 20:21:53,883- INFO - [route.py:59] - All routes request received
2026-04-10 20:21:53,896- INFO - [route.py:74] - All routes fetched successfully: total_routes=5
2026-04-10 20:22:01,583- INFO - [route.py:59] - All routes request received
2026-04-10 20:22:01,601- INFO - [route.py:74] - All routes fetched successfully: total_routes=5
2026-04-10 20:22:08,317- INFO - [route.py:59] - All routes request received
2026-04-10 20:22:08,342- INFO - [route.py:74] - All routes fetched successfully: total_routes=5
2026-04-10 20:22:36,373- INFO - [route.py:59] - All routes request received
2026-04-10 20:22:36,394- INFO - [route.py:74] - All routes fetched successfully: total_routes=5
2026-04-10 20:22:39,749- INFO - [route.py:59] - All routes request received
2026-04-10 20:22:39,768- INFO - [route.py:74] - All routes fetched successfully: total_routes=5
2026-04-10 20:29:55,073- INFO - [route.py:59] - All routes request received
2026-04-10 20:29:55,143- INFO - [route.py:74] - All routes fetched successfully: total_routes=5
2026-04-11 05:44:22,184- INFO - [route.py:59] - All routes request received
2026-04-11 05:44:22,245- INFO - [route.py:74] - All routes fetched successfully: total_routes=5
2026-04-11 13:19:23,853- INFO - [route.py:59] - All routes request received
2026-04-11 13:19:23,880- INFO - [route.py:74] - All routes fetched successfully: total_routes=5
2026-04-11 14:22:31,444- INFO - [route.py:59] - All routes request received
2026-04-11 14:22:31,540- INFO - [route.py:74] - All routes fetched successfully: total_routes=5
2026-04-24 20:12:04,530- INFO - [route.py:59] - All routes request received
2026-04-24 20:12:04,579- INFO - [route.py:74] - All routes fetched successfully: total_routes=5
2026-04-24 20:14:05,475- ERROR - [route.py:362] - Error retrieving mapping suggestion: 'NoneType' object is not subscriptable
2026-04-24 20:14:06,492- ERROR - [route.py:362] - Error retrieving mapping suggestion: 'NoneType' object is not subscriptable
2026-04-24 20:14:08,509- ERROR - [route.py:362] - Error retrieving mapping suggestion: 'NoneType' object is not subscriptable
2026-04-24 20:14:12,528- ERROR - [route.py:362] - Error retrieving mapping suggestion: 'NoneType' object is not subscriptable
2026-04-24 20:14:16,911- ERROR - [route.py:362] - Error retrieving mapping suggestion: 'NoneType' object is not subscriptable
2026-04-24 20:14:17,926- ERROR - [route.py:362] - Error retrieving mapping suggestion: 'NoneType' object is not subscriptable
2026-04-24 20:14:19,945- ERROR - [route.py:362] - Error retrieving mapping suggestion: 'NoneType' object is not subscriptable
2026-04-24 20:14:27,195- ERROR - [route.py:362] - Error retrieving mapping suggestion: 'NoneType' object is not subscriptable
2026-04-24 20:15:32,499- ERROR - [route.py:362] - Error retrieving mapping suggestion: 'NoneType' object is not subscriptable
2026-04-24 20:15:33,523- ERROR - [route.py:362] - Error retrieving mapping suggestion: 'NoneType' object is not subscriptable
2026-04-24 20:19:18,416- ERROR - [route.py:362] - Error retrieving mapping suggestion: 'NoneType' object is not subscriptable
2026-04-24 20:19:34,275- ERROR - [route.py:362] - Error retrieving mapping suggestion: 'NoneType' object is not subscriptable
2026-04-24 20:19:52,035- ERROR - [route.py:362] - Error retrieving mapping suggestion: 'NoneType' object is not subscriptable
2026-04-24 20:20:35,460- ERROR - [route.py:362] - Error retrieving mapping suggestion: 'NoneType' object is not subscriptable
2026-04-24 20:20:37,490- ERROR - [route.py:362] - Error retrieving mapping suggestion: 'NoneType' object is not subscriptable
2026-04-24 20:20:49,047- ERROR - [route.py:362] - Error retrieving mapping suggestion: 'NoneType' object is not subscriptable
2026-04-24 20:29:05,650- INFO - [route.py:59] - All routes request received
2026-04-24 20:29:05,692- INFO - [route.py:74] - All routes fetched successfully: total_routes=5
2026-04-24 20:29:10,847- INFO - [route.py:137] - Mapping rules request received for route_id=1032
2026-04-24 20:29:11,787- INFO - [route.py:254] - Mapping rules fetched successfully for route_id=1032: total_rules=24
2026-04-24 20:29:35,389- INFO - [route.py:59] - All routes request received
2026-04-24 20:29:35,412- INFO - [route.py:74] - All routes fetched successfully: total_routes=5
2026-04-24 20:29:39,226- INFO - [route.py:137] - Mapping rules request received for route_id=1029
2026-04-24 20:29:39,260- INFO - [route.py:254] - Mapping rules fetched successfully for route_id=1029: total_rules=9
2026-04-24 20:29:44,408- INFO - [route.py:555] - Delete route request received: route_id=1029
2026-04-24 20:29:44,437- INFO - [route.py:566] - Delete route completed successfully: route_id=1029
2026-04-24 20:29:45,732- INFO - [route.py:59] - All routes request received
2026-04-24 20:29:45,750- INFO - [route.py:74] - All routes fetched successfully: total_routes=4
2026-04-24 20:31:47,453- INFO - [route.py:433] - Add route request received: name=add-encounter(EHR-PHR), src_endpoint_id=132, dest_endpoint_id=133, msg_type=ORM
2026-04-24 20:31:47,457- WARNING - [route.py:439] - Add route rejected: duplicate route name 'add-encounter(EHR-PHR)'
2026-04-24 20:32:13,185- INFO - [route.py:59] - All routes request received
2026-04-24 20:32:13,214- INFO - [route.py:74] - All routes fetched successfully: total_routes=4
2026-04-24 20:33:19,164- INFO - [route.py:433] - Add route request received: name=add-encounter(EHR-PHR), src_endpoint_id=126, dest_endpoint_id=128, msg_type=ADT
2026-04-24 20:33:19,168- WARNING - [route.py:439] - Add route rejected: duplicate route name 'add-encounter(EHR-PHR)'
2026-04-24 20:33:28,182- INFO - [route.py:433] - Add route request received: name=add-patient(EHR-PHR), src_endpoint_id=126, dest_endpoint_id=128, msg_type=ADT
2026-04-24 20:33:28,243- INFO - [route.py:479] - Route created and flushed successfully with route_id=1036
2026-04-24 20:33:28,275- INFO - [route.py:534] - Add route completed successfully: route_id=1036, total_mapping_rules=9
2026-04-24 20:33:29,916- INFO - [route.py:59] - All routes request received
2026-04-24 20:33:30,027- INFO - [route.py:74] - All routes fetched successfully: total_routes=5
2026-04-24 20:33:31,736- INFO - [route.py:137] - Mapping rules request received for route_id=1036
2026-04-24 20:33:31,791- INFO - [route.py:254] - Mapping rules fetched successfully for route_id=1036: total_rules=9
2026-04-24 20:33:37,230- INFO - [route.py:59] - All routes request received
2026-04-24 20:33:37,261- INFO - [route.py:74] - All routes fetched successfully: total_routes=5
